<?xml version="1.0" encoding="UTF-8"?>
<!-- Generated by org.testng.reporters.JUnitXMLReporter -->
<testsuite ignored="12" hostname="DESKTOP-TTAFVAK" failures="0" tests="2" name="Default test" time="4.543" errors="0" timestamp="31 May 2021 14:32:02 GMT">
  <testcase classname="RestAssuredTestCases.RestAssuredBasics" name="firsttest" time="3.457"/>
  <testcase classname="RestAssuredTestCases.RestAssuredBasics" name="soapexample" time="1.04"/>
  <testcase classname="RestAssuredTestCases.RestAssuredBasics" name="putmethod" time="0.0">
    <ignored/>
  </testcase> <!-- putmethod -->
  <testcase classname="RestAssuredTestCases.RestAssuredBasics" name="deletemethod" time="0.0">
    <ignored/>
  </testcase> <!-- deletemethod -->
  <testcase classname="RestAssuredTestCases.RestAssuredBasics" name="datasourceexample" time="0.0">
    <ignored/>
  </testcase> <!-- datasourceexample -->
  <testcase classname="RestAssuredTestCases.RestAssuredBasics" name="getmethod" time="0.0">
    <ignored/>
  </testcase> <!-- getmethod -->
  <testcase classname="RestAssuredTestCases.RestAssuredBasics" name="secondtest" time="0.0">
    <ignored/>
  </testcase> <!-- secondtest -->
  <testcase classname="RestAssuredTestCases.RestAssuredBasics" name="thirdtest1" time="0.0">
    <ignored/>
  </testcase> <!-- thirdtest1 -->
  <testcase classname="RestAssuredTestCases.RestAssuredBasics" name="jsonbody" time="0.0">
    <ignored/>
  </testcase> <!-- jsonbody -->
  <testcase classname="RestAssuredTestCases.RestAssuredBasics" name="pojoexample" time="0.0">
    <ignored/>
  </testcase> <!-- pojoexample -->
  <testcase classname="RestAssuredTestCases.RestAssuredBasics" name="queryparameterexample" time="0.0">
    <ignored/>
  </testcase> <!-- queryparameterexample -->
  <testcase classname="RestAssuredTestCases.RestAssuredBasics" name="postmethod" time="0.0">
    <ignored/>
  </testcase> <!-- postmethod -->
  <testcase classname="RestAssuredTestCases.RestAssuredBasics" name="fetchjsonfile" time="0.0">
    <ignored/>
  </testcase> <!-- fetchjsonfile -->
  <testcase classname="RestAssuredTestCases.RestAssuredBasics" name="patchmethod" time="0.0">
    <ignored/>
  </testcase> <!-- patchmethod -->
</testsuite> <!-- Default test -->
