<?xml version="1.0" encoding="UTF-8"?>
<!-- Generated by org.testng.reporters.JUnitXMLReporter -->
<testsuite ignored="13" hostname="DESKTOP-TTAFVAK" failures="1" tests="1" name="Default test" time="1.051" errors="0" timestamp="31 May 2021 14:23:18 GMT">
  <testcase classname="RestAssuredTestCases.RestAssuredBasics" name="soapexample" time="1.001">
    <failure type="java.io.FileNotFoundException" message=".\Payload\addreq.xml (The system cannot find the path specified)">
      <![CDATA[java.io.FileNotFoundException: .\Payload\addreq.xml (The system cannot find the path specified)
at java.base/java.io.FileInputStream.open0(Native Method)
at java.base/java.io.FileInputStream.open(FileInputStream.java:211)
at java.base/java.io.FileInputStream.<init>(FileInputStream.java:153)
at java.base/java.io.FileInputStream.<init>(FileInputStream.java:108)
at RestAssuredTestCases.RestAssuredBasics.soapexample(RestAssuredBasics.java:266)
at java.base/jdk.internal.reflect.NativeMethodAccessorImpl.invoke0(Native Method)
at java.base/jdk.internal.reflect.NativeMethodAccessorImpl.invoke(NativeMethodAccessorImpl.java:64)
at java.base/jdk.internal.reflect.DelegatingMethodAccessorImpl.invoke(DelegatingMethodAccessorImpl.java:43)
at java.base/java.lang.reflect.Method.invoke(Method.java:564)
at org.testng.internal.MethodInvocationHelper.invokeMethod(MethodInvocationHelper.java:124)
at org.testng.internal.Invoker.invokeMethod(Invoker.java:583)
at org.testng.internal.Invoker.invokeTestMethod(Invoker.java:719)
at org.testng.internal.Invoker.invokeTestMethods(Invoker.java:989)
at org.testng.internal.TestMethodWorker.invokeTestMethods(TestMethodWorker.java:125)
at org.testng.internal.TestMethodWorker.run(TestMethodWorker.java:109)
at org.testng.TestRunner.privateRun(TestRunner.java:648)
at org.testng.TestRunner.run(TestRunner.java:505)
at org.testng.SuiteRunner.runTest(SuiteRunner.java:455)
at org.testng.SuiteRunner.runSequentially(SuiteRunner.java:450)
at org.testng.SuiteRunner.privateRun(SuiteRunner.java:415)
at org.testng.SuiteRunner.run(SuiteRunner.java:364)
at org.testng.SuiteRunnerWorker.runSuite(SuiteRunnerWorker.java:52)
at org.testng.SuiteRunnerWorker.run(SuiteRunnerWorker.java:84)
at org.testng.TestNG.runSuitesSequentially(TestNG.java:1208)
at org.testng.TestNG.runSuitesLocally(TestNG.java:1137)
at org.testng.TestNG.runSuites(TestNG.java:1049)
at org.testng.TestNG.run(TestNG.java:1017)
at org.testng.remote.AbstractRemoteTestNG.run(AbstractRemoteTestNG.java:115)
at org.testng.remote.RemoteTestNG.initAndRun(RemoteTestNG.java:251)
at org.testng.remote.RemoteTestNG.main(RemoteTestNG.java:77)
]]>
    </failure>
  </testcase> <!-- soapexample -->
  <testcase classname="RestAssuredTestCases.RestAssuredBasics" name="putmethod" time="0.0">
    <ignored/>
  </testcase> <!-- putmethod -->
  <testcase classname="RestAssuredTestCases.RestAssuredBasics" name="datasourceexample" time="0.0">
    <ignored/>
  </testcase> <!-- datasourceexample -->
  <testcase classname="RestAssuredTestCases.RestAssuredBasics" name="jsonbody" time="0.0">
    <ignored/>
  </testcase> <!-- jsonbody -->
  <testcase classname="RestAssuredTestCases.RestAssuredBasics" name="pojoexample" time="0.0">
    <ignored/>
  </testcase> <!-- pojoexample -->
  <testcase classname="RestAssuredTestCases.RestAssuredBasics" name="queryparameterexample" time="0.0">
    <ignored/>
  </testcase> <!-- queryparameterexample -->
  <testcase classname="RestAssuredTestCases.RestAssuredBasics" name="postmethod" time="0.0">
    <ignored/>
  </testcase> <!-- postmethod -->
  <testcase classname="RestAssuredTestCases.RestAssuredBasics" name="fetchjsonfile" time="0.0">
    <ignored/>
  </testcase> <!-- fetchjsonfile -->
  <testcase classname="RestAssuredTestCases.RestAssuredBasics" name="patchmethod" time="0.0">
    <ignored/>
  </testcase> <!-- patchmethod -->
  <testcase classname="RestAssuredTestCases.RestAssuredBasics" name="deletemethod" time="0.0">
    <ignored/>
  </testcase> <!-- deletemethod -->
  <testcase classname="RestAssuredTestCases.RestAssuredBasics" name="getmethod" time="0.0">
    <ignored/>
  </testcase> <!-- getmethod -->
  <testcase classname="RestAssuredTestCases.RestAssuredBasics" name="secondtest" time="0.0">
    <ignored/>
  </testcase> <!-- secondtest -->
  <testcase classname="RestAssuredTestCases.RestAssuredBasics" name="thirdtest1" time="0.0">
    <ignored/>
  </testcase> <!-- thirdtest1 -->
  <testcase classname="RestAssuredTestCases.RestAssuredBasics" name="firsttest" time="0.0">
    <ignored/>
  </testcase> <!-- firsttest -->
</testsuite> <!-- Default test -->
