<?xml version="1.0" encoding="UTF-8"?>
<testng-results ignored="12" total="14" passed="2" failed="0" skipped="0">
  <reporter-output>
  </reporter-output>
  <suite started-at="2021-05-31T14:31:57Z" name="Default suite" finished-at="2021-05-31T14:32:02Z" duration-ms="4543">
    <groups>
    </groups>
    <test started-at="2021-05-31T14:31:57Z" name="Default test" finished-at="2021-05-31T14:32:02Z" duration-ms="4543">
      <class name="RestAssuredTestCases.RestAssuredBasics">
        <test-method signature="firsttest()[pri:0, instance:RestAssuredTestCases.RestAssuredBasics@4ddbbdf8]" started-at="2021-05-31T14:31:57Z" name="firsttest" finished-at="2021-05-31T14:32:01Z" duration-ms="3457" status="PASS">
          <reporter-output>
          </reporter-output>
        </test-method> <!-- firsttest -->
        <test-method signature="soapexample()[pri:0, instance:RestAssuredTestCases.RestAssuredBasics@4ddbbdf8]" started-at="2021-05-31T14:32:01Z" name="soapexample" finished-at="2021-05-31T14:32:02Z" duration-ms="1040" status="PASS">
          <reporter-output>
          </reporter-output>
        </test-method> <!-- soapexample -->
      </class> <!-- RestAssuredTestCases.RestAssuredBasics -->
    </test> <!-- Default test -->
  </suite> <!-- Default suite -->
</testng-results>
